stratum_bmv2 -device_id=1 -chassis_config_file=/tmp/spine1/chassis-config.txt -forwarding_pipeline_configs_file=/tmp/spine1/pipe.txt -persistent_config_dir=/tmp/spine1 -initial_pipeline=/root/dummy.json -cpu_port=255 -external_stratum_urls=0.0.0.0:50003 -local_stratum_url=localhost:47139 -max_num_controllers_per_node=10 -write_req_log_file=/tmp/spine1/write-reqs.txt -logtosyslog=false -logtostderr=true -bmv2_log_level=warn

--------------------------------------------------------------------------------

E0522 20:23:09.110356    79 main.cc:121] Starting bmv2 simple_switch and waiting for P4 pipeline
W0522 20:23:09.122231    79 credentials_manager.cc:45] Using insecure server credentials
I0522 20:23:09.124718    79 timer_daemon.cc:90] The timer daemon has been started.
I0522 20:23:09.125231    79 hal.cc:128] Setting up HAL in COLDBOOT mode...
I0522 20:23:09.125455    79 config_monitoring_service.cc:90] Pushing the saved chassis config read from /tmp/spine1/chassis-config.txt...
I0522 20:23:09.132323    79 bmv2_chassis_manager.cc:476] Registered port status callbacks successfully for node 1.
I0522 20:23:09.132359    79 bmv2_chassis_manager.cc:61] Adding port 1 to node 1
I0522 20:23:09.180776    79 bmv2_chassis_manager.cc:61] Adding port 2 to node 1
I0522 20:23:09.232743    79 bmv2_chassis_manager.cc:61] Adding port 3 to node 1
I0522 20:23:09.295766    79 p4_service.cc:119] Pushing the saved forwarding pipeline configs read from /tmp/spine1/pipe.txt...
E0522 20:23:09.295827    79 utils.cc:109] StratumErrorSpace::ERR_FILE_NOT_FOUND: /tmp/spine1/pipe.txt not found.
E0522 20:23:09.296171    79 utils.cc:65] Return Error: ReadFileToString(filename, &text) failed with StratumErrorSpace::ERR_FILE_NOT_FOUND: /tmp/spine1/pipe.txt not found.
W0522 20:23:09.296187    79 p4_service.cc:128] No saved forwarding pipeline config found at /tmp/spine1/pipe.txt. This is normal when the switch is just installed and no master controller is connected yet.
E0522 20:23:09.297171882      79 server_chttp2.cc:40]        {"created":"@1621714989.297128510","description":"Only 1 addresses added out of total 2 resolved","file":"external/com_github_grpc_grpc/src/core/ext/transport/chttp2/server/chttp2_server.cc","file_line":406,"referenced_errors":[{"created":"@1621714989.297124544","description":"Address family not supported by protocol","errno":97,"file":"external/com_github_grpc_grpc/src/core/lib/iomgr/socket_utils_common_posix.cc","file_line":420,"os_error":"Address family not supported by protocol","syscall":"socket","target_address":"[::1]:47139"}]}
E0522 20:23:09.297369    79 hal.cc:223] Stratum external facing services are listening to 0.0.0.0:50003, localhost:47139...
I0522 20:23:09.319797   145 bmv2_chassis_manager.cc:409] State of port 1 in node 1: UP.
I0522 20:23:09.319862   145 bmv2_chassis_manager.cc:409] State of port 2 in node 1: UP.
I0522 20:23:09.319882   145 bmv2_chassis_manager.cc:409] State of port 3 in node 1: UP.
I0522 20:59:20.580041   163 p4_service.cc:696] Controller (connection_id: 1, election_id: 20, uri: ipv4:172.19.0.3:34452) is connected as MASTER for node (aka device) with ID 1.
I0522 20:59:20.582904   163 p4_service.cc:696] Controller (connection_id: 1, election_id: 40, uri: ipv4:172.19.0.3:34452) is connected as MASTER for node (aka device) with ID 1.
I0522 20:59:20.688010   184 bmv2_switch.cc:74] P4-based forwarding pipeline config pushed successfully to node with ID 1.
E0522 20:59:20.772939   192 bmv2_switch.cc:189] StratumErrorSpace::ERR_INTERNAL: Not supported yet
E0522 20:59:20.773023   192 bmv2_switch.cc:189] StratumErrorSpace::ERR_INTERNAL: Not supported yet
E0522 20:59:20.773872   192 bmv2_switch.cc:189] StratumErrorSpace::ERR_INTERNAL: Not supported yet
E0522 20:59:20.773943   192 bmv2_switch.cc:189] StratumErrorSpace::ERR_INTERNAL: Not supported yet
E0522 20:59:20.774085   192 bmv2_switch.cc:189] StratumErrorSpace::ERR_INTERNAL: Not supported yet
E0522 20:59:20.774525   192 bmv2_switch.cc:189] StratumErrorSpace::ERR_INTERNAL: Not supported yet
E0522 20:59:20.774578   192 bmv2_switch.cc:189] StratumErrorSpace::ERR_INTERNAL: Not supported yet
E0522 20:59:20.775199   192 bmv2_switch.cc:189] StratumErrorSpace::ERR_INTERNAL: Not supported yet
E0522 20:59:20.775246   192 bmv2_switch.cc:189] StratumErrorSpace::ERR_INTERNAL: Not supported yet
E0522 20:59:20.775343   192 bmv2_switch.cc:189] StratumErrorSpace::ERR_INTERNAL: Not supported yet
E0522 20:59:20.775679   192 bmv2_switch.cc:189] StratumErrorSpace::ERR_INTERNAL: Not supported yet
E0522 20:59:20.775729   192 bmv2_switch.cc:189] StratumErrorSpace::ERR_INTERNAL: Not supported yet
E0522 20:59:20.776355   192 bmv2_switch.cc:189] StratumErrorSpace::ERR_INTERNAL: Not supported yet
E0522 20:59:20.776405   192 bmv2_switch.cc:189] StratumErrorSpace::ERR_INTERNAL: Not supported yet
E0522 20:59:20.776499   192 bmv2_switch.cc:189] StratumErrorSpace::ERR_INTERNAL: Not supported yet
I0522 20:59:20.812054   163 p4_service.cc:696] Controller (connection_id: 1, election_id: 40, uri: ipv4:172.19.0.3:34452) is connected as MASTER for node (aka device) with ID 1.
I0522 20:59:20.906332   192 config_monitoring_service.cc:377] Initial Subscribe request from ipv4:172.19.0.3:34464 over stream 0x7f5c237fd510.
